<?xml version="1.0" encoding="UTF-8"?>
<!-- Generated by org.testng.reporters.JUnitXMLReporter -->
<testsuite hostname="Rama" name="Chrome Test" tests="1" failures="1" timestamp="13 Dec 2024 05:17:48 GMT" time="1.723" errors="0">
  <testcase name="oneWayTest" time="1.612" classname="test.TC003_OneWayTrip">
    <failure type="org.testng.TestNGException" message="
The data provider is trying to pass 5 parameters but the method test.TC003_OneWayTrip#oneWayTest takes 4">
      <![CDATA[org.testng.TestNGException: 
The data provider is trying to pass 5 parameters but the method test.TC003_OneWayTrip#oneWayTest takes 4
... Removed 18 stack frames]]>
    </failure>
  </testcase> <!-- oneWayTest -->
</testsuite> <!-- Chrome Test -->
