<?xml version="1.0" encoding="UTF-8"?>
<!-- Generated by org.testng.reporters.JUnitXMLReporter -->
<testsuite hostname="Rama" name="Edge Test" tests="3" failures="1" timestamp="13 Dec 2024 05:20:58 GMT" time="51.275" errors="0">
  <testcase name="checkIN" time="4.136" classname="test.TC004_CheckIn">
    <failure type="java.lang.AssertionError" message="expected [Invalid PNR or Ticket Numbertgg] but found [Invalid PNR or Ticket Number]">
      <![CDATA[java.lang.AssertionError: expected [Invalid PNR or Ticket Numbertgg] but found [Invalid PNR or Ticket Number]
	at pages.CheckInPage.validate_Checkin(CheckInPage.java:51)
	at test.TC004_CheckIn.checkIN(TC004_CheckIn.java:29)
... Removed 30 stack frames]]>
    </failure>
  </testcase> <!-- checkIN -->
  <testcase name="flightStatus" time="6.506" classname="test.TC005_FlightStatus"/>
  <testcase name="manageBooking" time="4.483" classname="test.TC006_ManageBooking"/>
</testsuite> <!-- Edge Test -->
