<?xml version="1.0" encoding="UTF-8"?>
<!-- Generated by org.testng.reporters.JUnitXMLReporter -->
<testsuite hostname="Rama" name="Other modules" tests="3" failures="0" timestamp="15 Dec 2024 15:11:24 GMT" time="43.044" errors="0">
  <testcase name="checkIN" time="3.153" classname="test.TC004_CheckIn"/>
  <testcase name="flightStatus" time="4.969" classname="test.TC005_FlightStatus"/>
  <testcase name="manageBooking" time="2.954" classname="test.TC006_ManageBooking"/>
</testsuite> <!-- Other modules -->
