<?xml version="1.0" encoding="UTF-8"?>
<!-- Generated by org.testng.reporters.JUnitXMLReporter -->
<testsuite hostname="Rama" name="Test" tests="3" failures="0" timestamp="10 Dec 2024 14:58:28 GMT" time="1.219" errors="0">
  <testcase name="checkIN" time="0.0" classname="test.TC004_CheckIn">
    <skipped/>
  </testcase> <!-- checkIN -->
  <testcase name="flightStatus" time="0.0" classname="test.TC005_FlightStatus">
    <skipped/>
  </testcase> <!-- flightStatus -->
  <testcase name="manageBooking" time="0.0" classname="test.TC006_ManageBooking">
    <skipped/>
  </testcase> <!-- manageBooking -->
</testsuite> <!-- Test -->
