<?xml version="1.0" encoding="UTF-8"?>
<testng-results skipped="0" failed="2" total="6" passed="4">
  <reporter-output>
  </reporter-output>
  <suite name="Suite" duration-ms="74476" started-at="2024-12-10T15:17:59Z" finished-at="2024-12-10T15:19:13Z">
    <groups>
      <group name="Regression">
        <method signature="TC002_LoginPage.loginTest(java.lang.String, java.lang.String)[pri:0, instance:test.TC002_LoginPage@6276ae34]" name="loginTest" class="test.TC002_LoginPage"/>
      </group> <!-- Regression -->
      <group name="Smoke">
        <method signature="TC004_CheckIn.checkIN(java.lang.String, java.lang.String)[pri:0, instance:test.TC004_CheckIn@6df97b55]" name="checkIN" class="test.TC004_CheckIn"/>
        <method signature="TC005_FlightStatus.flightStatus(java.lang.String, java.lang.String)[pri:0, instance:test.TC005_FlightStatus@3cbbc1e0]" name="flightStatus" class="test.TC005_FlightStatus"/>
        <method signature="TC006_ManageBooking.manageBooking(java.lang.String, java.lang.String)[pri:0, instance:test.TC006_ManageBooking@35fb3008]" name="manageBooking" class="test.TC006_ManageBooking"/>
      </group> <!-- Smoke -->
    </groups>
    <test name="Test2" duration-ms="12594" started-at="2024-12-10T15:17:59Z" finished-at="2024-12-10T15:18:11Z">
      <class name="test.TC006_ManageBooking">
        <test-method status="PASS" signature="testDetails()[pri:0, instance:test.TC006_ManageBooking@35fb3008]" name="testDetails" is-config="true" duration-ms="1" started-at="2024-12-10T20:48:08Z" finished-at="2024-12-10T20:48:08Z">
          <reporter-output>
          </reporter-output>
        </test-method> <!-- testDetails -->
        <test-method status="PASS" signature="manageBooking(java.lang.String, java.lang.String)[pri:0, instance:test.TC006_ManageBooking@35fb3008]" name="manageBooking" duration-ms="3287" started-at="2024-12-10T20:48:08Z" data-provider="readData" finished-at="2024-12-10T20:48:11Z">
          <params>
            <param index="0">
              <value>
                <![CDATA[1234567]]>
              </value>
            </param>
            <param index="1">
              <value>
                <![CDATA[ram]]>
              </value>
            </param>
          </params>
          <reporter-output>
          </reporter-output>
        </test-method> <!-- manageBooking -->
      </class> <!-- test.TC006_ManageBooking -->
      <class name="test.TC005_FlightStatus">
        <test-method status="PASS" signature="testDetails()[pri:0, instance:test.TC005_FlightStatus@3cbbc1e0]" name="testDetails" is-config="true" duration-ms="3" started-at="2024-12-10T20:48:03Z" finished-at="2024-12-10T20:48:03Z">
          <reporter-output>
          </reporter-output>
        </test-method> <!-- testDetails -->
        <test-method status="PASS" signature="flightStatus(java.lang.String, java.lang.String)[pri:0, instance:test.TC005_FlightStatus@3cbbc1e0]" name="flightStatus" duration-ms="4315" started-at="2024-12-10T20:48:04Z" data-provider="readData" finished-at="2024-12-10T20:48:08Z">
          <params>
            <param index="0">
              <value>
                <![CDATA[MAA]]>
              </value>
            </param>
            <param index="1">
              <value>
                <![CDATA[DEL]]>
              </value>
            </param>
          </params>
          <reporter-output>
          </reporter-output>
        </test-method> <!-- flightStatus -->
      </class> <!-- test.TC005_FlightStatus -->
      <class name="test.TC004_CheckIn">
        <test-method status="PASS" signature="setup()[pri:0, instance:test.TC004_CheckIn@6df97b55]" name="setup" is-config="true" duration-ms="1" started-at="2024-12-10T20:47:59Z" finished-at="2024-12-10T20:47:59Z">
          <reporter-output>
          </reporter-output>
        </test-method> <!-- setup -->
        <test-method status="PASS" signature="setup()[pri:0, instance:test.TC005_FlightStatus@3cbbc1e0]" name="setup" is-config="true" duration-ms="1" started-at="2024-12-10T20:47:59Z" finished-at="2024-12-10T20:47:59Z">
          <reporter-output>
          </reporter-output>
        </test-method> <!-- setup -->
        <test-method status="PASS" signature="setup()[pri:0, instance:test.TC006_ManageBooking@35fb3008]" name="setup" is-config="true" duration-ms="0" started-at="2024-12-10T20:47:59Z" finished-at="2024-12-10T20:47:59Z">
          <reporter-output>
          </reporter-output>
        </test-method> <!-- setup -->
        <test-method status="PASS" signature="testDetails()[pri:0, instance:test.TC004_CheckIn@6df97b55]" name="testDetails" is-config="true" duration-ms="22" started-at="2024-12-10T20:47:59Z" finished-at="2024-12-10T20:47:59Z">
          <reporter-output>
          </reporter-output>
        </test-method> <!-- testDetails -->
        <test-method status="PASS" signature="checkIN(java.lang.String, java.lang.String)[pri:0, instance:test.TC004_CheckIn@6df97b55]" name="checkIN" duration-ms="2998" started-at="2024-12-10T20:48:00Z" data-provider="readData" finished-at="2024-12-10T20:48:03Z">
          <params>
            <param index="0">
              <value>
                <![CDATA[1234567]]>
              </value>
            </param>
            <param index="1">
              <value>
                <![CDATA[ram@exmaple.com]]>
              </value>
            </param>
          </params>
          <reporter-output>
          </reporter-output>
        </test-method> <!-- checkIN -->
      </class> <!-- test.TC004_CheckIn -->
    </test> <!-- Test2 -->
    <test name="Test1" duration-ms="61862" started-at="2024-12-10T15:18:11Z" finished-at="2024-12-10T15:19:13Z">
      <class name="test.TC002_LoginPage">
        <test-method status="PASS" signature="reportInitialization()[pri:0, instance:test.TC002_LoginPage@6276ae34]" name="reportInitialization" is-config="true" duration-ms="20901" started-at="2024-12-10T20:47:38Z" finished-at="2024-12-10T20:47:59Z">
          <reporter-output>
          </reporter-output>
        </test-method> <!-- reportInitialization -->
        <test-method status="PASS" signature="setup()[pri:0, instance:test.TC002_LoginPage@6276ae34]" name="setup" is-config="true" duration-ms="1" started-at="2024-12-10T20:48:11Z" finished-at="2024-12-10T20:48:11Z">
          <reporter-output>
          </reporter-output>
        </test-method> <!-- setup -->
        <test-method status="PASS" signature="testDetails()[pri:0, instance:test.TC002_LoginPage@6276ae34]" name="testDetails" is-config="true" duration-ms="1" started-at="2024-12-10T20:48:11Z" finished-at="2024-12-10T20:48:11Z">
          <reporter-output>
          </reporter-output>
        </test-method> <!-- testDetails -->
        <test-method status="PASS" signature="setup()[pri:0, instance:test.TC003_OneWayTrip@7946e1f4]" name="setup" is-config="true" duration-ms="0" started-at="2024-12-10T20:48:11Z" finished-at="2024-12-10T20:48:11Z">
          <reporter-output>
          </reporter-output>
        </test-method> <!-- setup -->
        <test-method status="FAIL" signature="loginTest(java.lang.String, java.lang.String)[pri:0, instance:test.TC002_LoginPage@6276ae34]" name="loginTest" duration-ms="26650" started-at="2024-12-10T20:48:11Z" data-provider="readData" finished-at="2024-12-10T20:48:38Z">
          <params>
            <param index="0">
              <value>
                <![CDATA[9967795789]]>
              </value>
            </param>
            <param index="1">
              <value>
                <![CDATA[TestExample@1235]]>
              </value>
            </param>
          </params>
          <exception class="org.openqa.selenium.NoSuchElementException">
            <message>
              <![CDATA[no such element: Unable to locate element: {"method":"xpath","selector":"//div[normalize-space()='Hi Test']"}
  (Session info: chrome=131.0.6778.109)
For documentation on this error, please visit: https://www.selenium.dev/documentation/webdriver/troubleshooting/errors#no-such-element-exception
Build info: version: '4.11.0', revision: '040bc5406b'
System info: os.name: 'Windows 10', os.arch: 'amd64', os.version: '10.0', java.version: '1.8.0_202'
Driver info: org.openqa.selenium.chrome.ChromeDriver
Command: [29862d64e1aae37590dd3309161f5656, findElement {using=xpath, value=//div[normalize-space()='Hi Test']}]
Capabilities {acceptInsecureCerts: false, browserName: chrome, browserVersion: 131.0.6778.109, chrome: {chromedriverVersion: 131.0.6778.87 (ce31cae94873..., userDataDir: C:\Users\Krishna\AppData\Lo...}, fedcm:accounts: true, goog:chromeOptions: {debuggerAddress: localhost:59153}, networkConnectionEnabled: false, pageLoadStrategy: normal, platformName: windows, proxy: Proxy(), se:cdp: ws://localhost:59153/devtoo..., se:cdpVersion: 131.0.6778.109, setWindowRect: true, strictFileInteractability: false, timeouts: {implicit: 0, pageLoad: 300000, script: 30000}, unhandledPromptBehavior: dismiss and notify, webauthn:extension:credBlob: true, webauthn:extension:largeBlob: true, webauthn:extension:minPinLength: true, webauthn:extension:prf: true, webauthn:virtualAuthenticators: true}
Session ID: 29862d64e1aae37590dd3309161f5656]]>
            </message>
            <full-stacktrace>
              <![CDATA[org.openqa.selenium.NoSuchElementException: no such element: Unable to locate element: {"method":"xpath","selector":"//div[normalize-space()='Hi Test']"}
  (Session info: chrome=131.0.6778.109)
For documentation on this error, please visit: https://www.selenium.dev/documentation/webdriver/troubleshooting/errors#no-such-element-exception
Build info: version: '4.11.0', revision: '040bc5406b'
System info: os.name: 'Windows 10', os.arch: 'amd64', os.version: '10.0', java.version: '1.8.0_202'
Driver info: org.openqa.selenium.chrome.ChromeDriver
Command: [29862d64e1aae37590dd3309161f5656, findElement {using=xpath, value=//div[normalize-space()='Hi Test']}]
Capabilities {acceptInsecureCerts: false, browserName: chrome, browserVersion: 131.0.6778.109, chrome: {chromedriverVersion: 131.0.6778.87 (ce31cae94873..., userDataDir: C:\Users\Krishna\AppData\Lo...}, fedcm:accounts: true, goog:chromeOptions: {debuggerAddress: localhost:59153}, networkConnectionEnabled: false, pageLoadStrategy: normal, platformName: windows, proxy: Proxy(), se:cdp: ws://localhost:59153/devtoo..., se:cdpVersion: 131.0.6778.109, setWindowRect: true, strictFileInteractability: false, timeouts: {implicit: 0, pageLoad: 300000, script: 30000}, unhandledPromptBehavior: dismiss and notify, webauthn:extension:credBlob: true, webauthn:extension:largeBlob: true, webauthn:extension:minPinLength: true, webauthn:extension:prf: true, webauthn:virtualAuthenticators: true}
Session ID: 29862d64e1aae37590dd3309161f5656
	at sun.reflect.NativeConstructorAccessorImpl.newInstance0(Native Method)
	at sun.reflect.NativeConstructorAccessorImpl.newInstance(Unknown Source)
	at sun.reflect.DelegatingConstructorAccessorImpl.newInstance(Unknown Source)
	at java.lang.reflect.Constructor.newInstance(Unknown Source)
	at org.openqa.selenium.remote.codec.w3c.W3CHttpResponseCodec.createException(W3CHttpResponseCodec.java:200)
	at org.openqa.selenium.remote.codec.w3c.W3CHttpResponseCodec.decode(W3CHttpResponseCodec.java:133)
	at org.openqa.selenium.remote.codec.w3c.W3CHttpResponseCodec.decode(W3CHttpResponseCodec.java:52)
	at org.openqa.selenium.remote.HttpCommandExecutor.execute(HttpCommandExecutor.java:191)
	at org.openqa.selenium.remote.service.DriverCommandExecutor.invokeExecute(DriverCommandExecutor.java:196)
	at org.openqa.selenium.remote.service.DriverCommandExecutor.execute(DriverCommandExecutor.java:171)
	at org.openqa.selenium.remote.RemoteWebDriver.execute(RemoteWebDriver.java:518)
	at org.openqa.selenium.remote.ElementLocation$ElementFinder$2.findElement(ElementLocation.java:165)
	at org.openqa.selenium.remote.ElementLocation.findElement(ElementLocation.java:59)
	at org.openqa.selenium.remote.RemoteWebDriver.findElement(RemoteWebDriver.java:355)
	at org.openqa.selenium.remote.RemoteWebDriver.findElement(RemoteWebDriver.java:349)
	at org.openqa.selenium.support.pagefactory.DefaultElementLocator.findElement(DefaultElementLocator.java:68)
	at org.openqa.selenium.support.pagefactory.internal.LocatingElementHandler.invoke(LocatingElementHandler.java:38)
	at com.sun.proxy.$Proxy17.getText(Unknown Source)
	at pages.HomePage.validate_login(HomePage.java:67)
	at test.TC002_LoginPage.loginTest(TC002_LoginPage.java:33)
	at sun.reflect.NativeMethodAccessorImpl.invoke0(Native Method)
	at sun.reflect.NativeMethodAccessorImpl.invoke(Unknown Source)
	at sun.reflect.DelegatingMethodAccessorImpl.invoke(Unknown Source)
	at java.lang.reflect.Method.invoke(Unknown Source)
	at org.testng.internal.MethodInvocationHelper.invokeMethod(MethodInvocationHelper.java:86)
	at org.testng.internal.Invoker.invokeMethod(Invoker.java:645)
	at org.testng.internal.Invoker.invokeTestMethod(Invoker.java:822)
	at org.testng.internal.Invoker.invokeTestMethods(Invoker.java:1130)
	at org.testng.internal.TestMethodWorker.invokeTestMethods(TestMethodWorker.java:129)
	at org.testng.internal.TestMethodWorker.run(TestMethodWorker.java:112)
	at org.testng.TestRunner.privateRun(TestRunner.java:782)
	at org.testng.TestRunner.run(TestRunner.java:632)
	at org.testng.SuiteRunner.runTest(SuiteRunner.java:366)
	at org.testng.SuiteRunner.runSequentially(SuiteRunner.java:361)
	at org.testng.SuiteRunner.privateRun(SuiteRunner.java:319)
	at org.testng.SuiteRunner.run(SuiteRunner.java:268)
	at org.testng.SuiteRunnerWorker.runSuite(SuiteRunnerWorker.java:52)
	at org.testng.SuiteRunnerWorker.run(SuiteRunnerWorker.java:86)
	at org.testng.TestNG.runSuitesSequentially(TestNG.java:1244)
	at org.testng.TestNG.runSuitesLocally(TestNG.java:1169)
	at org.testng.TestNG.run(TestNG.java:1064)
	at org.testng.remote.RemoteTestNG.run(RemoteTestNG.java:113)
	at org.testng.remote.RemoteTestNG.initAndRun(RemoteTestNG.java:206)
	at org.testng.remote.RemoteTestNG.main(RemoteTestNG.java:177)
]]>
            </full-stacktrace>
          </exception> <!-- org.openqa.selenium.NoSuchElementException -->
          <reporter-output>
          </reporter-output>
        </test-method> <!-- loginTest -->
        <test-method status="PASS" signature="loginTest(java.lang.String, java.lang.String)[pri:0, instance:test.TC002_LoginPage@6276ae34]" name="loginTest" duration-ms="7631" started-at="2024-12-10T20:48:38Z" data-provider="readData" finished-at="2024-12-10T20:48:46Z">
          <params>
            <param index="0">
              <value>
                <![CDATA[9967795789]]>
              </value>
            </param>
            <param index="1">
              <value>
                <![CDATA[TestExample@1234]]>
              </value>
            </param>
          </params>
          <reporter-output>
          </reporter-output>
        </test-method> <!-- loginTest -->
        <test-method status="PASS" signature="Close()[pri:0, instance:test.TC002_LoginPage@6276ae34]" name="Close" is-config="true" duration-ms="912" started-at="2024-12-10T20:49:13Z" finished-at="2024-12-10T20:49:14Z">
          <reporter-output>
          </reporter-output>
        </test-method> <!-- Close -->
      </class> <!-- test.TC002_LoginPage -->
      <class name="test.TC003_OneWayTrip">
        <test-method status="PASS" signature="testDetails()[pri:0, instance:test.TC003_OneWayTrip@7946e1f4]" name="testDetails" is-config="true" duration-ms="0" started-at="2024-12-10T20:48:46Z" finished-at="2024-12-10T20:48:46Z">
          <reporter-output>
          </reporter-output>
        </test-method> <!-- testDetails -->
        <test-method status="FAIL" signature="oneWayTest(java.lang.String, java.lang.String, java.lang.String, java.lang.String, java.lang.String)[pri:0, instance:test.TC003_OneWayTrip@7946e1f4]" name="oneWayTest" duration-ms="27376" started-at="2024-12-10T20:48:46Z" data-provider="readData" finished-at="2024-12-10T20:49:13Z">
          <params>
            <param index="0">
              <value>
                <![CDATA[MAA]]>
              </value>
            </param>
            <param index="1">
              <value>
                <![CDATA[DEL]]>
              </value>
            </param>
            <param index="2">
              <value>
                <![CDATA[test]]>
              </value>
            </param>
            <param index="3">
              <value>
                <![CDATA[example]]>
              </value>
            </param>
            <param index="4">
              <value>
                <![CDATA[9876543456]]>
              </value>
            </param>
          </params>
          <exception class="org.openqa.selenium.ElementNotInteractableException">
            <message>
              <![CDATA[element not interactable
  (Session info: chrome=131.0.6778.109)
Build info: version: '4.11.0', revision: '040bc5406b'
System info: os.name: 'Windows 10', os.arch: 'amd64', os.version: '10.0', java.version: '1.8.0_202'
Driver info: org.openqa.selenium.chrome.ChromeDriver
Command: [29862d64e1aae37590dd3309161f5656, sendKeysToElement {id=f.F96EF286C77B2D3BDCCEA79D3D19A67B.d.58E4BC7D7C3CB8D5558B9C6DB64D3249.e.1068, value=[Ljava.lang.CharSequence;@38af1bf6}]
Capabilities {acceptInsecureCerts: false, browserName: chrome, browserVersion: 131.0.6778.109, chrome: {chromedriverVersion: 131.0.6778.87 (ce31cae94873..., userDataDir: C:\Users\Krishna\AppData\Lo...}, fedcm:accounts: true, goog:chromeOptions: {debuggerAddress: localhost:59153}, networkConnectionEnabled: false, pageLoadStrategy: normal, platformName: windows, proxy: Proxy(), se:cdp: ws://localhost:59153/devtoo..., se:cdpVersion: 131.0.6778.109, setWindowRect: true, strictFileInteractability: false, timeouts: {implicit: 0, pageLoad: 300000, script: 30000}, unhandledPromptBehavior: dismiss and notify, webauthn:extension:credBlob: true, webauthn:extension:largeBlob: true, webauthn:extension:minPinLength: true, webauthn:extension:prf: true, webauthn:virtualAuthenticators: true}
Element: [[ChromeDriver: chrome on windows (29862d64e1aae37590dd3309161f5656)] -> xpath: //div[contains(text(),'Contact Details')]]
Session ID: 29862d64e1aae37590dd3309161f5656]]>
            </message>
            <full-stacktrace>
              <![CDATA[org.openqa.selenium.ElementNotInteractableException: element not interactable
  (Session info: chrome=131.0.6778.109)
Build info: version: '4.11.0', revision: '040bc5406b'
System info: os.name: 'Windows 10', os.arch: 'amd64', os.version: '10.0', java.version: '1.8.0_202'
Driver info: org.openqa.selenium.chrome.ChromeDriver
Command: [29862d64e1aae37590dd3309161f5656, sendKeysToElement {id=f.F96EF286C77B2D3BDCCEA79D3D19A67B.d.58E4BC7D7C3CB8D5558B9C6DB64D3249.e.1068, value=[Ljava.lang.CharSequence;@38af1bf6}]
Capabilities {acceptInsecureCerts: false, browserName: chrome, browserVersion: 131.0.6778.109, chrome: {chromedriverVersion: 131.0.6778.87 (ce31cae94873..., userDataDir: C:\Users\Krishna\AppData\Lo...}, fedcm:accounts: true, goog:chromeOptions: {debuggerAddress: localhost:59153}, networkConnectionEnabled: false, pageLoadStrategy: normal, platformName: windows, proxy: Proxy(), se:cdp: ws://localhost:59153/devtoo..., se:cdpVersion: 131.0.6778.109, setWindowRect: true, strictFileInteractability: false, timeouts: {implicit: 0, pageLoad: 300000, script: 30000}, unhandledPromptBehavior: dismiss and notify, webauthn:extension:credBlob: true, webauthn:extension:largeBlob: true, webauthn:extension:minPinLength: true, webauthn:extension:prf: true, webauthn:virtualAuthenticators: true}
Element: [[ChromeDriver: chrome on windows (29862d64e1aae37590dd3309161f5656)] -> xpath: //div[contains(text(),'Contact Details')]]
Session ID: 29862d64e1aae37590dd3309161f5656
	at sun.reflect.NativeConstructorAccessorImpl.newInstance0(Native Method)
	at sun.reflect.NativeConstructorAccessorImpl.newInstance(Unknown Source)
	at sun.reflect.DelegatingConstructorAccessorImpl.newInstance(Unknown Source)
	at java.lang.reflect.Constructor.newInstance(Unknown Source)
	at org.openqa.selenium.remote.codec.w3c.W3CHttpResponseCodec.createException(W3CHttpResponseCodec.java:200)
	at org.openqa.selenium.remote.codec.w3c.W3CHttpResponseCodec.decode(W3CHttpResponseCodec.java:133)
	at org.openqa.selenium.remote.codec.w3c.W3CHttpResponseCodec.decode(W3CHttpResponseCodec.java:52)
	at org.openqa.selenium.remote.HttpCommandExecutor.execute(HttpCommandExecutor.java:191)
	at org.openqa.selenium.remote.service.DriverCommandExecutor.invokeExecute(DriverCommandExecutor.java:196)
	at org.openqa.selenium.remote.service.DriverCommandExecutor.execute(DriverCommandExecutor.java:171)
	at org.openqa.selenium.remote.RemoteWebDriver.execute(RemoteWebDriver.java:518)
	at org.openqa.selenium.remote.RemoteWebElement.execute(RemoteWebElement.java:224)
	at org.openqa.selenium.remote.RemoteWebElement.sendKeys(RemoteWebElement.java:111)
	at sun.reflect.NativeMethodAccessorImpl.invoke0(Native Method)
	at sun.reflect.NativeMethodAccessorImpl.invoke(Unknown Source)
	at sun.reflect.DelegatingMethodAccessorImpl.invoke(Unknown Source)
	at java.lang.reflect.Method.invoke(Unknown Source)
	at org.openqa.selenium.support.pagefactory.internal.LocatingElementHandler.invoke(LocatingElementHandler.java:51)
	at com.sun.proxy.$Proxy17.sendKeys(Unknown Source)
	at pages.BookingPage.enter_contactDetail(BookingPage.java:45)
	at test.TC003_OneWayTrip.oneWayTest(TC003_OneWayTrip.java:42)
	at sun.reflect.NativeMethodAccessorImpl.invoke0(Native Method)
	at sun.reflect.NativeMethodAccessorImpl.invoke(Unknown Source)
	at sun.reflect.DelegatingMethodAccessorImpl.invoke(Unknown Source)
	at java.lang.reflect.Method.invoke(Unknown Source)
	at org.testng.internal.MethodInvocationHelper.invokeMethod(MethodInvocationHelper.java:86)
	at org.testng.internal.Invoker.invokeMethod(Invoker.java:645)
	at org.testng.internal.Invoker.invokeTestMethod(Invoker.java:822)
	at org.testng.internal.Invoker.invokeTestMethods(Invoker.java:1130)
	at org.testng.internal.TestMethodWorker.invokeTestMethods(TestMethodWorker.java:129)
	at org.testng.internal.TestMethodWorker.run(TestMethodWorker.java:112)
	at org.testng.TestRunner.privateRun(TestRunner.java:782)
	at org.testng.TestRunner.run(TestRunner.java:632)
	at org.testng.SuiteRunner.runTest(SuiteRunner.java:366)
	at org.testng.SuiteRunner.runSequentially(SuiteRunner.java:361)
	at org.testng.SuiteRunner.privateRun(SuiteRunner.java:319)
	at org.testng.SuiteRunner.run(SuiteRunner.java:268)
	at org.testng.SuiteRunnerWorker.runSuite(SuiteRunnerWorker.java:52)
	at org.testng.SuiteRunnerWorker.run(SuiteRunnerWorker.java:86)
	at org.testng.TestNG.runSuitesSequentially(TestNG.java:1244)
	at org.testng.TestNG.runSuitesLocally(TestNG.java:1169)
	at org.testng.TestNG.run(TestNG.java:1064)
	at org.testng.remote.RemoteTestNG.run(RemoteTestNG.java:113)
	at org.testng.remote.RemoteTestNG.initAndRun(RemoteTestNG.java:206)
	at org.testng.remote.RemoteTestNG.main(RemoteTestNG.java:177)
]]>
            </full-stacktrace>
          </exception> <!-- org.openqa.selenium.ElementNotInteractableException -->
          <reporter-output>
          </reporter-output>
        </test-method> <!-- oneWayTest -->
      </class> <!-- test.TC003_OneWayTrip -->
    </test> <!-- Test1 -->
  </suite> <!-- Suite -->
</testng-results>
