<?xml version="1.0" encoding="UTF-8"?>
<testng-results skipped="0" failed="1" total="3" passed="2">
  <reporter-output>
  </reporter-output>
  <suite name="Suite" duration-ms="67021" started-at="2024-12-12T16:49:47Z" finished-at="2024-12-12T16:50:54Z">
    <groups>
    </groups>
    <test name="Chrome Test" duration-ms="67021" started-at="2024-12-12T16:49:47Z" finished-at="2024-12-12T16:50:54Z">
      <class name="test.TC002_LoginPage">
        <test-method status="PASS" signature="reportInitialization()[pri:0, instance:test.TC002_LoginPage@737996a0]" name="reportInitialization" is-config="true" duration-ms="308" started-at="2024-12-12T22:19:47Z" finished-at="2024-12-12T22:19:47Z">
          <reporter-output>
          </reporter-output>
        </test-method> <!-- reportInitialization -->
        <test-method status="PASS" signature="setup()[pri:0, instance:test.TC003_OneWayTrip@61dc03ce]" name="setup" is-config="true" duration-ms="0" started-at="2024-12-12T22:19:47Z" finished-at="2024-12-12T22:19:47Z">
          <reporter-output>
          </reporter-output>
        </test-method> <!-- setup -->
        <test-method status="PASS" signature="setup()[pri:0, instance:test.TC002_LoginPage@737996a0]" name="setup" is-config="true" duration-ms="0" started-at="2024-12-12T22:19:47Z" finished-at="2024-12-12T22:19:47Z">
          <reporter-output>
          </reporter-output>
        </test-method> <!-- setup -->
        <test-method status="PASS" signature="testDetails()[pri:0, instance:test.TC002_LoginPage@737996a0]" name="testDetails" is-config="true" duration-ms="66" started-at="2024-12-12T22:19:47Z" finished-at="2024-12-12T22:19:47Z">
          <reporter-output>
          </reporter-output>
        </test-method> <!-- testDetails -->
        <test-method status="PASS" signature="launchAndLoadURL(java.lang.String)[pri:0, instance:test.TC002_LoginPage@737996a0]" name="launchAndLoadURL" is-config="true" duration-ms="9711" started-at="2024-12-12T22:19:48Z" finished-at="2024-12-12T22:19:58Z">
          <params>
            <param index="0">
              <value>
                <![CDATA[chrome]]>
              </value>
            </param>
          </params>
          <reporter-output>
          </reporter-output>
        </test-method> <!-- launchAndLoadURL -->
        <test-method status="FAIL" signature="loginTest(java.lang.String, java.lang.String)[pri:0, instance:test.TC002_LoginPage@737996a0]" name="loginTest" duration-ms="23758" started-at="2024-12-12T22:19:58Z" data-provider="readData" finished-at="2024-12-12T22:20:22Z">
          <params>
            <param index="0">
              <value>
                <![CDATA[9967795789]]>
              </value>
            </param>
            <param index="1">
              <value>
                <![CDATA[TestExample@1235]]>
              </value>
            </param>
          </params>
          <exception class="org.openqa.selenium.NoSuchElementException">
            <message>
              <![CDATA[no such element: Unable to locate element: {"method":"xpath","selector":"//div[normalize-space()='Hi Test']"}
  (Session info: chrome=131.0.6778.109)
For documentation on this error, please visit: https://www.selenium.dev/documentation/webdriver/troubleshooting/errors#no-such-element-exception
Build info: version: '4.11.0', revision: '040bc5406b'
System info: os.name: 'Windows 10', os.arch: 'amd64', os.version: '10.0', java.version: '1.8.0_202'
Driver info: org.openqa.selenium.chrome.ChromeDriver
Command: [e465cf05453e6cfa5f6329469811148c, findElement {using=xpath, value=//div[normalize-space()='Hi Test']}]
Capabilities {acceptInsecureCerts: false, browserName: chrome, browserVersion: 131.0.6778.109, chrome: {chromedriverVersion: 131.0.6778.108 (3b014839fbc..., userDataDir: C:\Users\Krishna\AppData\Lo...}, fedcm:accounts: true, goog:chromeOptions: {debuggerAddress: localhost:55780}, networkConnectionEnabled: false, pageLoadStrategy: normal, platformName: windows, proxy: Proxy(), se:cdp: ws://localhost:55780/devtoo..., se:cdpVersion: 131.0.6778.109, setWindowRect: true, strictFileInteractability: false, timeouts: {implicit: 0, pageLoad: 300000, script: 30000}, unhandledPromptBehavior: dismiss and notify, webauthn:extension:credBlob: true, webauthn:extension:largeBlob: true, webauthn:extension:minPinLength: true, webauthn:extension:prf: true, webauthn:virtualAuthenticators: true}
Session ID: e465cf05453e6cfa5f6329469811148c]]>
            </message>
            <full-stacktrace>
              <![CDATA[org.openqa.selenium.NoSuchElementException: no such element: Unable to locate element: {"method":"xpath","selector":"//div[normalize-space()='Hi Test']"}
  (Session info: chrome=131.0.6778.109)
For documentation on this error, please visit: https://www.selenium.dev/documentation/webdriver/troubleshooting/errors#no-such-element-exception
Build info: version: '4.11.0', revision: '040bc5406b'
System info: os.name: 'Windows 10', os.arch: 'amd64', os.version: '10.0', java.version: '1.8.0_202'
Driver info: org.openqa.selenium.chrome.ChromeDriver
Command: [e465cf05453e6cfa5f6329469811148c, findElement {using=xpath, value=//div[normalize-space()='Hi Test']}]
Capabilities {acceptInsecureCerts: false, browserName: chrome, browserVersion: 131.0.6778.109, chrome: {chromedriverVersion: 131.0.6778.108 (3b014839fbc..., userDataDir: C:\Users\Krishna\AppData\Lo...}, fedcm:accounts: true, goog:chromeOptions: {debuggerAddress: localhost:55780}, networkConnectionEnabled: false, pageLoadStrategy: normal, platformName: windows, proxy: Proxy(), se:cdp: ws://localhost:55780/devtoo..., se:cdpVersion: 131.0.6778.109, setWindowRect: true, strictFileInteractability: false, timeouts: {implicit: 0, pageLoad: 300000, script: 30000}, unhandledPromptBehavior: dismiss and notify, webauthn:extension:credBlob: true, webauthn:extension:largeBlob: true, webauthn:extension:minPinLength: true, webauthn:extension:prf: true, webauthn:virtualAuthenticators: true}
Session ID: e465cf05453e6cfa5f6329469811148c
	at sun.reflect.NativeConstructorAccessorImpl.newInstance0(Native Method)
	at sun.reflect.NativeConstructorAccessorImpl.newInstance(Unknown Source)
	at sun.reflect.DelegatingConstructorAccessorImpl.newInstance(Unknown Source)
	at java.lang.reflect.Constructor.newInstance(Unknown Source)
	at org.openqa.selenium.remote.codec.w3c.W3CHttpResponseCodec.createException(W3CHttpResponseCodec.java:200)
	at org.openqa.selenium.remote.codec.w3c.W3CHttpResponseCodec.decode(W3CHttpResponseCodec.java:133)
	at org.openqa.selenium.remote.codec.w3c.W3CHttpResponseCodec.decode(W3CHttpResponseCodec.java:52)
	at org.openqa.selenium.remote.HttpCommandExecutor.execute(HttpCommandExecutor.java:191)
	at org.openqa.selenium.remote.service.DriverCommandExecutor.invokeExecute(DriverCommandExecutor.java:196)
	at org.openqa.selenium.remote.service.DriverCommandExecutor.execute(DriverCommandExecutor.java:171)
	at org.openqa.selenium.remote.RemoteWebDriver.execute(RemoteWebDriver.java:518)
	at org.openqa.selenium.remote.ElementLocation$ElementFinder$2.findElement(ElementLocation.java:165)
	at org.openqa.selenium.remote.ElementLocation.findElement(ElementLocation.java:59)
	at org.openqa.selenium.remote.RemoteWebDriver.findElement(RemoteWebDriver.java:355)
	at org.openqa.selenium.remote.RemoteWebDriver.findElement(RemoteWebDriver.java:349)
	at org.openqa.selenium.support.pagefactory.DefaultElementLocator.findElement(DefaultElementLocator.java:68)
	at org.openqa.selenium.support.pagefactory.internal.LocatingElementHandler.invoke(LocatingElementHandler.java:38)
	at com.sun.proxy.$Proxy20.getText(Unknown Source)
	at pages.HomePage.validate_login(HomePage.java:65)
	at test.TC002_LoginPage.loginTest(TC002_LoginPage.java:31)
	at sun.reflect.NativeMethodAccessorImpl.invoke0(Native Method)
	at sun.reflect.NativeMethodAccessorImpl.invoke(Unknown Source)
	at sun.reflect.DelegatingMethodAccessorImpl.invoke(Unknown Source)
	at java.lang.reflect.Method.invoke(Unknown Source)
	at org.testng.internal.MethodInvocationHelper.invokeMethod(MethodInvocationHelper.java:86)
	at org.testng.internal.Invoker.invokeMethod(Invoker.java:645)
	at org.testng.internal.Invoker.invokeTestMethod(Invoker.java:822)
	at org.testng.internal.Invoker.invokeTestMethods(Invoker.java:1130)
	at org.testng.internal.TestMethodWorker.invokeTestMethods(TestMethodWorker.java:129)
	at org.testng.internal.TestMethodWorker.run(TestMethodWorker.java:112)
	at org.testng.TestRunner.privateRun(TestRunner.java:782)
	at org.testng.TestRunner.run(TestRunner.java:632)
	at org.testng.SuiteRunner.runTest(SuiteRunner.java:366)
	at org.testng.SuiteRunner.runSequentially(SuiteRunner.java:361)
	at org.testng.SuiteRunner.privateRun(SuiteRunner.java:319)
	at org.testng.SuiteRunner.run(SuiteRunner.java:268)
	at org.testng.SuiteRunnerWorker.runSuite(SuiteRunnerWorker.java:52)
	at org.testng.SuiteRunnerWorker.run(SuiteRunnerWorker.java:86)
	at org.testng.TestNG.runSuitesSequentially(TestNG.java:1244)
	at org.testng.TestNG.runSuitesLocally(TestNG.java:1169)
	at org.testng.TestNG.run(TestNG.java:1064)
	at org.testng.remote.RemoteTestNG.run(RemoteTestNG.java:113)
	at org.testng.remote.RemoteTestNG.initAndRun(RemoteTestNG.java:206)
	at org.testng.remote.RemoteTestNG.main(RemoteTestNG.java:177)
]]>
            </full-stacktrace>
          </exception> <!-- org.openqa.selenium.NoSuchElementException -->
          <reporter-output>
          </reporter-output>
        </test-method> <!-- loginTest -->
        <test-method status="PASS" signature="closebrowser()[pri:0, instance:test.TC002_LoginPage@737996a0]" name="closebrowser" is-config="true" duration-ms="891" started-at="2024-12-12T22:20:22Z" finished-at="2024-12-12T22:20:23Z">
          <reporter-output>
          </reporter-output>
        </test-method> <!-- closebrowser -->
        <test-method status="PASS" signature="launchAndLoadURL(java.lang.String)[pri:0, instance:test.TC002_LoginPage@737996a0]" name="launchAndLoadURL" is-config="true" duration-ms="7268" started-at="2024-12-12T22:20:23Z" finished-at="2024-12-12T22:20:30Z">
          <params>
            <param index="0">
              <value>
                <![CDATA[chrome]]>
              </value>
            </param>
          </params>
          <reporter-output>
          </reporter-output>
        </test-method> <!-- launchAndLoadURL -->
        <test-method status="PASS" signature="loginTest(java.lang.String, java.lang.String)[pri:0, instance:test.TC002_LoginPage@737996a0]" name="loginTest" duration-ms="6472" started-at="2024-12-12T22:20:30Z" data-provider="readData" finished-at="2024-12-12T22:20:37Z">
          <params>
            <param index="0">
              <value>
                <![CDATA[9967795789]]>
              </value>
            </param>
            <param index="1">
              <value>
                <![CDATA[TestExample@1234]]>
              </value>
            </param>
          </params>
          <reporter-output>
          </reporter-output>
        </test-method> <!-- loginTest -->
        <test-method status="PASS" signature="closebrowser()[pri:0, instance:test.TC002_LoginPage@737996a0]" name="closebrowser" is-config="true" duration-ms="1188" started-at="2024-12-12T22:20:37Z" finished-at="2024-12-12T22:20:38Z">
          <reporter-output>
          </reporter-output>
        </test-method> <!-- closebrowser -->
        <test-method status="PASS" signature="Close()[pri:0, instance:test.TC002_LoginPage@737996a0]" name="Close" is-config="true" duration-ms="364" started-at="2024-12-12T22:20:54Z" finished-at="2024-12-12T22:20:55Z">
          <reporter-output>
          </reporter-output>
        </test-method> <!-- Close -->
      </class> <!-- test.TC002_LoginPage -->
      <class name="test.TC003_OneWayTrip">
        <test-method status="PASS" signature="testDetails()[pri:0, instance:test.TC003_OneWayTrip@61dc03ce]" name="testDetails" is-config="true" duration-ms="2" started-at="2024-12-12T22:20:38Z" finished-at="2024-12-12T22:20:38Z">
          <reporter-output>
          </reporter-output>
        </test-method> <!-- testDetails -->
        <test-method status="PASS" signature="launchAndLoadURL(java.lang.String)[pri:0, instance:test.TC003_OneWayTrip@61dc03ce]" name="launchAndLoadURL" is-config="true" duration-ms="7448" started-at="2024-12-12T22:20:38Z" finished-at="2024-12-12T22:20:45Z">
          <params>
            <param index="0">
              <value>
                <![CDATA[chrome]]>
              </value>
            </param>
          </params>
          <reporter-output>
          </reporter-output>
        </test-method> <!-- launchAndLoadURL -->
        <test-method status="PASS" signature="oneWayTest(java.lang.String, java.lang.String, java.lang.String, java.lang.String, java.lang.String)[pri:0, instance:test.TC003_OneWayTrip@61dc03ce]" name="oneWayTest" duration-ms="7868" started-at="2024-12-12T22:20:45Z" data-provider="readData" finished-at="2024-12-12T22:20:53Z">
          <params>
            <param index="0">
              <value>
                <![CDATA[MAA]]>
              </value>
            </param>
            <param index="1">
              <value>
                <![CDATA[DEL]]>
              </value>
            </param>
            <param index="2">
              <value>
                <![CDATA[test]]>
              </value>
            </param>
            <param index="3">
              <value>
                <![CDATA[example]]>
              </value>
            </param>
            <param index="4">
              <value>
                <![CDATA[9876543456]]>
              </value>
            </param>
          </params>
          <reporter-output>
          </reporter-output>
        </test-method> <!-- oneWayTest -->
        <test-method status="PASS" signature="closebrowser()[pri:0, instance:test.TC003_OneWayTrip@61dc03ce]" name="closebrowser" is-config="true" duration-ms="852" started-at="2024-12-12T22:20:53Z" finished-at="2024-12-12T22:20:54Z">
          <reporter-output>
          </reporter-output>
        </test-method> <!-- closebrowser -->
      </class> <!-- test.TC003_OneWayTrip -->
    </test> <!-- Chrome Test -->
  </suite> <!-- Suite -->
</testng-results>
